2026-03-05 11:33:23,283 - distributed-task-system - INFO - enhanced_logger:_log_with_context:226 - Starting monitoring service
2026-03-05 11:33:24,314 - distributed-task-system - INFO - enhanced_logger:_log_with_context:226 - Cleaned up old metrics
2026-03-05 11:33:32,426 - distributed-task-system - INFO - enhanced_logger:_log_with_context:226 - Performance: cpu_usage=66.4
2026-03-05 11:33:32,428 - distributed-task-system - INFO - enhanced_logger:_log_with_context:226 - Performance: memory_usage=92.7
2026-03-05 11:33:32,431 - distributed-task-system - INFO - enhanced_logger:_log_with_context:226 - Performance: queue_size=0
2026-03-05 11:33:32,433 - distributed-task-system - ERROR - enhanced_logger:_log_with_context:226 - Error collecting system metrics: EnhancedLogger.warning() got multiple values for argument 'message'
2026-03-05 11:33:32,436 - distributed-task-system - ERROR - enhanced_logger:_log_with_context:226 - Error in system monitoring loop: 'MonitoringService' object has no attribute '_check_system_health'
2026-03-05 11:33:32,488 - distributed-task-system - WARNING - enhanced_logger:_log_with_context:226 - System health: critical
2026-03-05 11:33:51,581 - distributed-task-system - INFO - enhanced_logger:_log_with_context:226 - Performance: cpu_usage=59.0
2026-03-05 11:33:51,583 - distributed-task-system - INFO - enhanced_logger:_log_with_context:226 - Performance: memory_usage=93.9
2026-03-05 11:33:51,585 - distributed-task-system - INFO - enhanced_logger:_log_with_context:226 - Performance: queue_size=0
2026-03-05 11:33:51,588 - distributed-task-system - ERROR - enhanced_logger:_log_with_context:226 - Error collecting system metrics: EnhancedLogger.warning() got multiple values for argument 'message'
2026-03-05 11:33:51,588 - distributed-task-system - ERROR - enhanced_logger:_log_with_context:226 - Error in system monitoring loop: 'MonitoringService' object has no attribute '_check_system_health'
2026-03-05 11:34:06,862 - distributed-task-system - INFO - enhanced_logger:_log_with_context:226 - Stopping monitoring service
2026-03-05 11:34:06,869 - distributed-task-system - INFO - enhanced_logger:_log_with_context:226 - Performance: cpu_usage=49.2
2026-03-05 11:34:06,873 - distributed-task-system - INFO - enhanced_logger:_log_with_context:226 - Performance: memory_usage=83.0
2026-03-05 11:34:06,876 - distributed-task-system - INFO - enhanced_logger:_log_with_context:226 - Performance: queue_size=0
2026-03-05 11:34:06,881 - distributed-task-system - ERROR - enhanced_logger:_log_with_context:226 - Error collecting system metrics: EnhancedLogger.warning() got multiple values for argument 'message'
2026-03-05 11:34:06,886 - distributed-task-system - ERROR - enhanced_logger:_log_with_context:226 - Error in system monitoring loop: 'MonitoringService' object has no attribute '_check_system_health'
2026-03-05 11:34:25,128 - distributed-task-system - INFO - enhanced_logger:_log_with_context:226 - Starting monitoring service
2026-03-05 11:34:26,155 - distributed-task-system - INFO - enhanced_logger:_log_with_context:226 - Cleaned up old metrics
2026-03-05 11:34:34,309 - distributed-task-system - INFO - enhanced_logger:_log_with_context:226 - Performance: cpu_usage=39.0
2026-03-05 11:34:34,312 - distributed-task-system - INFO - enhanced_logger:_log_with_context:226 - Performance: memory_usage=81.9
2026-03-05 11:34:34,315 - distributed-task-system - INFO - enhanced_logger:_log_with_context:226 - Performance: queue_size=0
2026-03-05 11:34:34,318 - distributed-task-system - ERROR - enhanced_logger:_log_with_context:226 - Error collecting system metrics: EnhancedLogger.warning() got multiple values for argument 'message'
2026-03-05 11:34:34,320 - distributed-task-system - ERROR - enhanced_logger:_log_with_context:226 - Error in system monitoring loop: 'MonitoringService' object has no attribute '_check_system_health'
2026-03-05 11:34:34,343 - distributed-task-system - WARNING - enhanced_logger:_log_with_context:226 - System health: critical
2026-03-05 11:34:53,485 - distributed-task-system - INFO - enhanced_logger:_log_with_context:226 - Performance: cpu_usage=24.2
2026-03-05 11:34:53,487 - distributed-task-system - INFO - enhanced_logger:_log_with_context:226 - Performance: memory_usage=85.6
2026-03-05 11:34:53,488 - distributed-task-system - INFO - enhanced_logger:_log_with_context:226 - Performance: queue_size=0
2026-03-05 11:34:53,492 - distributed-task-system - ERROR - enhanced_logger:_log_with_context:226 - Error collecting system metrics: EnhancedLogger.warning() got multiple values for argument 'message'
2026-03-05 11:34:53,498 - distributed-task-system - ERROR - enhanced_logger:_log_with_context:226 - Error in system monitoring loop: 'MonitoringService' object has no attribute '_check_system_health'
2026-03-05 11:35:08,602 - distributed-task-system - INFO - enhanced_logger:_log_with_context:226 - Updated alert threshold cpu_warning: 0.7 -> 0.6
2026-03-05 11:35:08,606 - distributed-task-system - INFO - enhanced_logger:_log_with_context:226 - Updated alert threshold cpu_critical: 0.9 -> 0.9
2026-03-05 11:35:08,609 - distributed-task-system - INFO - enhanced_logger:_log_with_context:226 - Updated alert threshold memory_warning: 0.8 -> 0.8
2026-03-05 11:35:08,612 - distributed-task-system - INFO - enhanced_logger:_log_with_context:226 - Updated alert threshold memory_critical: 0.95 -> 0.95
2026-03-05 11:35:08,615 - distributed-task-system - INFO - enhanced_logger:_log_with_context:226 - Updated alert threshold disk_warning: 0.8 -> 0.8
2026-03-05 11:35:08,616 - distributed-task-system - INFO - enhanced_logger:_log_with_context:226 - Updated alert threshold disk_critical: 0.9 -> 0.9
2026-03-05 11:35:08,619 - distributed-task-system - INFO - enhanced_logger:_log_with_context:226 - Updated alert threshold queue_size_warning: 50 -> 25
2026-03-05 11:35:08,622 - distributed-task-system - INFO - enhanced_logger:_log_with_context:226 - Updated alert threshold queue_size_critical: 100 -> 100
2026-03-05 11:35:08,625 - distributed-task-system - INFO - enhanced_logger:_log_with_context:226 - Updated alert threshold failure_rate_warning: 0.05 -> 0.03
2026-03-05 11:35:08,628 - distributed-task-system - INFO - enhanced_logger:_log_with_context:226 - Updated alert threshold failure_rate_critical: 0.15 -> 0.15
2026-03-05 11:35:08,631 - distributed-task-system - INFO - enhanced_logger:_log_with_context:226 - Updated alert threshold response_time_warning: 5.0 -> 5.0
2026-03-05 11:35:08,632 - distributed-task-system - INFO - enhanced_logger:_log_with_context:226 - Updated alert threshold response_time_critical: 10.0 -> 10.0
2026-03-05 11:35:12,693 - distributed-task-system - INFO - enhanced_logger:_log_with_context:226 - Performance: cpu_usage=29.0
2026-03-05 11:35:12,694 - distributed-task-system - INFO - enhanced_logger:_log_with_context:226 - Performance: memory_usage=89.9
2026-03-05 11:35:12,695 - distributed-task-system - INFO - enhanced_logger:_log_with_context:226 - Performance: queue_size=0
2026-03-05 11:35:12,697 - distributed-task-system - ERROR - enhanced_logger:_log_with_context:226 - Error collecting system metrics: EnhancedLogger.warning() got multiple values for argument 'message'
2026-03-05 11:35:12,699 - distributed-task-system - ERROR - enhanced_logger:_log_with_context:226 - Error in system monitoring loop: 'MonitoringService' object has no attribute '_check_system_health'
2026-03-05 11:35:12,700 - distributed-task-system - WARNING - enhanced_logger:_log_with_context:226 - System health: critical
2026-03-05 11:35:31,826 - distributed-task-system - INFO - enhanced_logger:_log_with_context:226 - Performance: cpu_usage=26.3
2026-03-05 11:35:31,830 - distributed-task-system - INFO - enhanced_logger:_log_with_context:226 - Performance: memory_usage=85.8
2026-03-05 11:35:31,832 - distributed-task-system - INFO - enhanced_logger:_log_with_context:226 - Performance: queue_size=0
2026-03-05 11:35:31,834 - distributed-task-system - ERROR - enhanced_logger:_log_with_context:226 - Error collecting system metrics: EnhancedLogger.warning() got multiple values for argument 'message'
2026-03-05 11:35:31,838 - distributed-task-system - ERROR - enhanced_logger:_log_with_context:226 - Error in system monitoring loop: 'MonitoringService' object has no attribute '_check_system_health'
2026-03-05 11:35:50,950 - distributed-task-system - WARNING - enhanced_logger:_log_with_context:226 - System health: critical
2026-03-05 11:35:51,000 - distributed-task-system - INFO - enhanced_logger:_log_with_context:226 - Performance: cpu_usage=24.9
2026-03-05 11:35:51,002 - distributed-task-system - INFO - enhanced_logger:_log_with_context:226 - Performance: memory_usage=86.0
2026-03-05 11:35:51,004 - distributed-task-system - INFO - enhanced_logger:_log_with_context:226 - Performance: queue_size=0
2026-03-05 11:35:51,006 - distributed-task-system - ERROR - enhanced_logger:_log_with_context:226 - Error collecting system metrics: EnhancedLogger.warning() got multiple values for argument 'message'
2026-03-05 11:35:51,008 - distributed-task-system - ERROR - enhanced_logger:_log_with_context:226 - Error in system monitoring loop: 'MonitoringService' object has no attribute '_check_system_health'
2026-03-05 11:36:10,167 - distributed-task-system - INFO - enhanced_logger:_log_with_context:226 - Performance: cpu_usage=49.5
2026-03-05 11:36:10,168 - distributed-task-system - INFO - enhanced_logger:_log_with_context:226 - Performance: memory_usage=84.3
2026-03-05 11:36:10,170 - distributed-task-system - INFO - enhanced_logger:_log_with_context:226 - Performance: queue_size=0
2026-03-05 11:36:10,172 - distributed-task-system - ERROR - enhanced_logger:_log_with_context:226 - Error collecting system metrics: EnhancedLogger.warning() got multiple values for argument 'message'
2026-03-05 11:36:10,174 - distributed-task-system - ERROR - enhanced_logger:_log_with_context:226 - Error in system monitoring loop: 'MonitoringService' object has no attribute '_check_system_health'
2026-03-05 11:36:29,418 - distributed-task-system - INFO - enhanced_logger:_log_with_context:226 - Performance: cpu_usage=41.8
2026-03-05 11:36:29,419 - distributed-task-system - INFO - enhanced_logger:_log_with_context:226 - Performance: memory_usage=86.9
2026-03-05 11:36:29,423 - distributed-task-system - INFO - enhanced_logger:_log_with_context:226 - Performance: queue_size=0
2026-03-05 11:36:29,425 - distributed-task-system - ERROR - enhanced_logger:_log_with_context:226 - Error collecting system metrics: EnhancedLogger.warning() got multiple values for argument 'message'
2026-03-05 11:36:29,429 - distributed-task-system - ERROR - enhanced_logger:_log_with_context:226 - Error in system monitoring loop: 'MonitoringService' object has no attribute '_check_system_health'
2026-03-05 11:36:29,454 - distributed-task-system - WARNING - enhanced_logger:_log_with_context:226 - System health: critical
2026-03-05 11:36:48,592 - distributed-task-system - INFO - enhanced_logger:_log_with_context:226 - Performance: cpu_usage=44.2
2026-03-05 11:36:48,600 - distributed-task-system - INFO - enhanced_logger:_log_with_context:226 - Performance: memory_usage=87.6
2026-03-05 11:36:48,612 - distributed-task-system - INFO - enhanced_logger:_log_with_context:226 - Performance: queue_size=0
2026-03-05 11:36:48,623 - distributed-task-system - ERROR - enhanced_logger:_log_with_context:226 - Error collecting system metrics: EnhancedLogger.warning() got multiple values for argument 'message'
2026-03-05 11:36:48,638 - distributed-task-system - ERROR - enhanced_logger:_log_with_context:226 - Error in system monitoring loop: 'MonitoringService' object has no attribute '_check_system_health'
2026-03-05 11:37:07,829 - distributed-task-system - INFO - enhanced_logger:_log_with_context:226 - Performance: cpu_usage=39.8
2026-03-05 11:37:07,834 - distributed-task-system - INFO - enhanced_logger:_log_with_context:226 - Performance: memory_usage=90.1
2026-03-05 11:37:07,838 - distributed-task-system - INFO - enhanced_logger:_log_with_context:226 - Performance: queue_size=0
2026-03-05 11:37:07,842 - distributed-task-system - ERROR - enhanced_logger:_log_with_context:226 - Error collecting system metrics: EnhancedLogger.warning() got multiple values for argument 'message'
2026-03-05 11:37:07,845 - distributed-task-system - ERROR - enhanced_logger:_log_with_context:226 - Error in system monitoring loop: 'MonitoringService' object has no attribute '_check_system_health'
2026-03-05 11:37:07,852 - distributed-task-system - WARNING - enhanced_logger:_log_with_context:226 - System health: critical
2026-03-05 11:37:27,024 - distributed-task-system - INFO - enhanced_logger:_log_with_context:226 - Performance: cpu_usage=43.5
2026-03-05 11:37:27,025 - distributed-task-system - INFO - enhanced_logger:_log_with_context:226 - Performance: memory_usage=91.6
2026-03-05 11:37:27,030 - distributed-task-system - INFO - enhanced_logger:_log_with_context:226 - Performance: queue_size=0
2026-03-05 11:37:27,034 - distributed-task-system - ERROR - enhanced_logger:_log_with_context:226 - Error collecting system metrics: EnhancedLogger.warning() got multiple values for argument 'message'
2026-03-05 11:37:27,038 - distributed-task-system - ERROR - enhanced_logger:_log_with_context:226 - Error in system monitoring loop: 'MonitoringService' object has no attribute '_check_system_health'
2026-03-05 11:37:46,225 - distributed-task-system - INFO - enhanced_logger:_log_with_context:226 - Performance: cpu_usage=41.0
2026-03-05 11:37:46,227 - distributed-task-system - INFO - enhanced_logger:_log_with_context:226 - Performance: memory_usage=91.4
2026-03-05 11:37:46,232 - distributed-task-system - INFO - enhanced_logger:_log_with_context:226 - Performance: queue_size=0
2026-03-05 11:37:46,235 - distributed-task-system - ERROR - enhanced_logger:_log_with_context:226 - Error collecting system metrics: EnhancedLogger.warning() got multiple values for argument 'message'
2026-03-05 11:37:46,239 - distributed-task-system - ERROR - enhanced_logger:_log_with_context:226 - Error in system monitoring loop: 'MonitoringService' object has no attribute '_check_system_health'
2026-03-05 11:37:46,246 - distributed-task-system - WARNING - enhanced_logger:_log_with_context:226 - System health: critical
2026-03-05 11:38:00,072 - distributed-task-system - INFO - enhanced_logger:_log_with_context:226 - Stopping monitoring service
2026-03-05 11:38:00,099 - distributed-task-system - INFO - enhanced_logger:_log_with_context:226 - Performance: cpu_usage=31.2
2026-03-05 11:38:00,103 - distributed-task-system - INFO - enhanced_logger:_log_with_context:226 - Performance: memory_usage=93.5
2026-03-05 11:38:00,107 - distributed-task-system - INFO - enhanced_logger:_log_with_context:226 - Performance: queue_size=0
2026-03-05 11:38:00,112 - distributed-task-system - ERROR - enhanced_logger:_log_with_context:226 - Error collecting system metrics: EnhancedLogger.warning() got multiple values for argument 'message'
2026-03-05 11:38:00,117 - distributed-task-system - ERROR - enhanced_logger:_log_with_context:226 - Error in system monitoring loop: 'MonitoringService' object has no attribute '_check_system_health'
2026-03-05 11:38:47,918 - distributed-task-system - INFO - enhanced_logger:_log_with_context:226 - Starting monitoring service
2026-03-05 11:38:48,963 - distributed-task-system - INFO - enhanced_logger:_log_with_context:226 - Cleaned up old metrics
2026-03-05 11:38:57,081 - distributed-task-system - INFO - enhanced_logger:_log_with_context:226 - Performance: cpu_usage=79.5
2026-03-05 11:38:57,084 - distributed-task-system - INFO - enhanced_logger:_log_with_context:226 - Performance: memory_usage=92.6
2026-03-05 11:38:57,092 - distributed-task-system - INFO - enhanced_logger:_log_with_context:226 - Performance: queue_size=0
2026-03-05 11:38:57,100 - distributed-task-system - ERROR - enhanced_logger:_log_with_context:226 - Error collecting system metrics: EnhancedLogger.warning() got multiple values for argument 'message'
2026-03-05 11:38:57,105 - distributed-task-system - ERROR - enhanced_logger:_log_with_context:226 - Error in system monitoring loop: 'MonitoringService' object has no attribute '_check_system_health'
2026-03-05 11:38:57,114 - distributed-task-system - WARNING - enhanced_logger:_log_with_context:226 - System health: critical
2026-03-05 11:39:16,304 - distributed-task-system - INFO - enhanced_logger:_log_with_context:226 - Performance: cpu_usage=61.2
2026-03-05 11:39:16,307 - distributed-task-system - INFO - enhanced_logger:_log_with_context:226 - Performance: memory_usage=93.8
2026-03-05 11:39:16,313 - distributed-task-system - INFO - enhanced_logger:_log_with_context:226 - Performance: queue_size=0
2026-03-05 11:39:16,316 - distributed-task-system - ERROR - enhanced_logger:_log_with_context:226 - Error collecting system metrics: EnhancedLogger.warning() got multiple values for argument 'message'
2026-03-05 11:39:16,321 - distributed-task-system - ERROR - enhanced_logger:_log_with_context:226 - Error in system monitoring loop: 'MonitoringService' object has no attribute '_check_system_health'
2026-03-05 11:39:35,498 - distributed-task-system - INFO - enhanced_logger:_log_with_context:226 - Performance: cpu_usage=53.4
2026-03-05 11:39:35,501 - distributed-task-system - INFO - enhanced_logger:_log_with_context:226 - Performance: memory_usage=81.4
2026-03-05 11:39:35,507 - distributed-task-system - INFO - enhanced_logger:_log_with_context:226 - Performance: queue_size=0
2026-03-05 11:39:35,511 - distributed-task-system - ERROR - enhanced_logger:_log_with_context:226 - Error collecting system metrics: EnhancedLogger.warning() got multiple values for argument 'message'
2026-03-05 11:39:35,516 - distributed-task-system - ERROR - enhanced_logger:_log_with_context:226 - Error in system monitoring loop: 'MonitoringService' object has no attribute '_check_system_health'
2026-03-05 11:39:35,522 - distributed-task-system - WARNING - enhanced_logger:_log_with_context:226 - System health: critical
2026-03-05 11:39:54,661 - distributed-task-system - INFO - enhanced_logger:_log_with_context:226 - Performance: cpu_usage=30.7
2026-03-05 11:39:54,665 - distributed-task-system - INFO - enhanced_logger:_log_with_context:226 - Performance: memory_usage=79.3
2026-03-05 11:39:54,668 - distributed-task-system - INFO - enhanced_logger:_log_with_context:226 - Performance: queue_size=0
2026-03-05 11:39:54,671 - distributed-task-system - ERROR - enhanced_logger:_log_with_context:226 - Error in system monitoring loop: 'MonitoringService' object has no attribute '_check_system_health'
2026-03-05 11:40:14,288 - distributed-task-system - INFO - enhanced_logger:_log_with_context:226 - Performance: cpu_usage=47.3
2026-03-05 11:40:14,297 - distributed-task-system - INFO - enhanced_logger:_log_with_context:226 - Performance: memory_usage=85.9
2026-03-05 11:40:14,304 - distributed-task-system - INFO - enhanced_logger:_log_with_context:226 - Performance: queue_size=0
2026-03-05 11:40:14,310 - distributed-task-system - ERROR - enhanced_logger:_log_with_context:226 - Error collecting system metrics: EnhancedLogger.warning() got multiple values for argument 'message'
2026-03-05 11:40:14,316 - distributed-task-system - ERROR - enhanced_logger:_log_with_context:226 - Error in system monitoring loop: 'MonitoringService' object has no attribute '_check_system_health'
2026-03-05 11:40:14,325 - distributed-task-system - WARNING - enhanced_logger:_log_with_context:226 - System health: critical
2026-03-05 11:40:33,491 - distributed-task-system - INFO - enhanced_logger:_log_with_context:226 - Performance: cpu_usage=41.1
2026-03-05 11:40:33,498 - distributed-task-system - INFO - enhanced_logger:_log_with_context:226 - Performance: memory_usage=93.3
2026-03-05 11:40:33,512 - distributed-task-system - INFO - enhanced_logger:_log_with_context:226 - Performance: queue_size=0
2026-03-05 11:40:33,525 - distributed-task-system - ERROR - enhanced_logger:_log_with_context:226 - Error collecting system metrics: EnhancedLogger.warning() got multiple values for argument 'message'
2026-03-05 11:40:33,535 - distributed-task-system - ERROR - enhanced_logger:_log_with_context:226 - Error in system monitoring loop: 'MonitoringService' object has no attribute '_check_system_health'
2026-03-05 11:40:52,771 - distributed-task-system - INFO - enhanced_logger:_log_with_context:226 - Performance: cpu_usage=46.8
2026-03-05 11:40:52,827 - distributed-task-system - INFO - enhanced_logger:_log_with_context:226 - Performance: memory_usage=90.9
2026-03-05 11:40:52,839 - distributed-task-system - INFO - enhanced_logger:_log_with_context:226 - Performance: queue_size=0
2026-03-05 11:40:52,848 - distributed-task-system - ERROR - enhanced_logger:_log_with_context:226 - Error collecting system metrics: EnhancedLogger.warning() got multiple values for argument 'message'
2026-03-05 11:40:52,857 - distributed-task-system - ERROR - enhanced_logger:_log_with_context:226 - Error in system monitoring loop: 'MonitoringService' object has no attribute '_check_system_health'
2026-03-05 11:40:52,875 - distributed-task-system - WARNING - enhanced_logger:_log_with_context:226 - System health: critical
2026-03-05 11:41:12,041 - distributed-task-system - INFO - enhanced_logger:_log_with_context:226 - Performance: cpu_usage=49.7
2026-03-05 11:41:12,042 - distributed-task-system - INFO - enhanced_logger:_log_with_context:226 - Performance: memory_usage=88.8
2026-03-05 11:41:12,045 - distributed-task-system - INFO - enhanced_logger:_log_with_context:226 - Performance: queue_size=0
2026-03-05 11:41:12,048 - distributed-task-system - ERROR - enhanced_logger:_log_with_context:226 - Error collecting system metrics: EnhancedLogger.warning() got multiple values for argument 'message'
2026-03-05 11:41:12,052 - distributed-task-system - ERROR - enhanced_logger:_log_with_context:226 - Error in system monitoring loop: 'MonitoringService' object has no attribute '_check_system_health'
2026-03-05 11:41:31,264 - distributed-task-system - WARNING - enhanced_logger:_log_with_context:226 - System health: critical
2026-03-05 11:41:31,291 - distributed-task-system - INFO - enhanced_logger:_log_with_context:226 - Performance: cpu_usage=56.6
2026-03-05 11:41:31,293 - distributed-task-system - INFO - enhanced_logger:_log_with_context:226 - Performance: memory_usage=91.3
2026-03-05 11:41:31,295 - distributed-task-system - INFO - enhanced_logger:_log_with_context:226 - Performance: queue_size=0
2026-03-05 11:41:31,298 - distributed-task-system - ERROR - enhanced_logger:_log_with_context:226 - Error collecting system metrics: EnhancedLogger.warning() got multiple values for argument 'message'
2026-03-05 11:41:31,302 - distributed-task-system - ERROR - enhanced_logger:_log_with_context:226 - Error in system monitoring loop: 'MonitoringService' object has no attribute '_check_system_health'
2026-03-05 11:41:50,483 - distributed-task-system - INFO - enhanced_logger:_log_with_context:226 - Performance: cpu_usage=38.3
2026-03-05 11:41:50,487 - distributed-task-system - INFO - enhanced_logger:_log_with_context:226 - Performance: memory_usage=91.8
2026-03-05 11:41:50,491 - distributed-task-system - INFO - enhanced_logger:_log_with_context:226 - Performance: queue_size=0
2026-03-05 11:41:50,492 - distributed-task-system - ERROR - enhanced_logger:_log_with_context:226 - Error collecting system metrics: EnhancedLogger.warning() got multiple values for argument 'message'
2026-03-05 11:41:50,497 - distributed-task-system - ERROR - enhanced_logger:_log_with_context:226 - Error in system monitoring loop: 'MonitoringService' object has no attribute '_check_system_health'
2026-03-05 11:42:09,650 - distributed-task-system - INFO - enhanced_logger:_log_with_context:226 - Performance: cpu_usage=50.7
2026-03-05 11:42:09,654 - distributed-task-system - INFO - enhanced_logger:_log_with_context:226 - Performance: memory_usage=90.3
2026-03-05 11:42:09,659 - distributed-task-system - INFO - enhanced_logger:_log_with_context:226 - Performance: queue_size=0
2026-03-05 11:42:09,664 - distributed-task-system - ERROR - enhanced_logger:_log_with_context:226 - Error collecting system metrics: EnhancedLogger.warning() got multiple values for argument 'message'
2026-03-05 11:42:09,670 - distributed-task-system - ERROR - enhanced_logger:_log_with_context:226 - Error in system monitoring loop: 'MonitoringService' object has no attribute '_check_system_health'
2026-03-05 11:42:09,698 - distributed-task-system - WARNING - enhanced_logger:_log_with_context:226 - System health: critical
2026-03-05 11:42:25,044 - distributed-task-system - INFO - enhanced_logger:_log_with_context:226 - Stopping monitoring service
2026-03-05 11:42:25,131 - distributed-task-system - INFO - enhanced_logger:_log_with_context:226 - Performance: cpu_usage=49.8
2026-03-05 11:42:25,141 - distributed-task-system - INFO - enhanced_logger:_log_with_context:226 - Performance: memory_usage=92.5
2026-03-05 11:42:25,154 - distributed-task-system - INFO - enhanced_logger:_log_with_context:226 - Performance: queue_size=0
2026-03-05 11:42:25,163 - distributed-task-system - ERROR - enhanced_logger:_log_with_context:226 - Error collecting system metrics: EnhancedLogger.warning() got multiple values for argument 'message'
2026-03-05 11:42:25,172 - distributed-task-system - ERROR - enhanced_logger:_log_with_context:226 - Error in system monitoring loop: 'MonitoringService' object has no attribute '_check_system_health'
2026-03-05 11:42:52,148 - distributed-task-system - INFO - enhanced_logger:_log_with_context:226 - Starting monitoring service
2026-03-05 11:42:53,200 - distributed-task-system - INFO - enhanced_logger:_log_with_context:226 - Cleaned up old metrics
2026-03-05 11:43:01,389 - distributed-task-system - INFO - enhanced_logger:_log_with_context:226 - Performance: cpu_usage=74.3
2026-03-05 11:43:01,395 - distributed-task-system - INFO - enhanced_logger:_log_with_context:226 - Performance: memory_usage=91.0
2026-03-05 11:43:01,404 - distributed-task-system - INFO - enhanced_logger:_log_with_context:226 - Performance: queue_size=0
2026-03-05 11:43:01,410 - distributed-task-system - ERROR - enhanced_logger:_log_with_context:226 - Error collecting system metrics: EnhancedLogger.warning() got multiple values for argument 'message'
2026-03-05 11:43:01,417 - distributed-task-system - ERROR - enhanced_logger:_log_with_context:226 - Error in system monitoring loop: 'MonitoringService' object has no attribute '_check_system_health'
2026-03-05 11:43:01,483 - distributed-task-system - WARNING - enhanced_logger:_log_with_context:226 - System health: critical
2026-03-05 11:43:16,752 - distributed-task-system - INFO - enhanced_logger:_log_with_context:226 - Stopping monitoring service
2026-03-05 11:43:16,766 - distributed-task-system - INFO - enhanced_logger:_log_with_context:226 - Performance: cpu_usage=53.5
2026-03-05 11:43:16,777 - distributed-task-system - INFO - enhanced_logger:_log_with_context:226 - Performance: memory_usage=89.9
2026-03-05 11:43:16,782 - distributed-task-system - INFO - enhanced_logger:_log_with_context:226 - Performance: queue_size=0
2026-03-05 11:43:16,790 - distributed-task-system - ERROR - enhanced_logger:_log_with_context:226 - Error collecting system metrics: EnhancedLogger.warning() got multiple values for argument 'message'
2026-03-05 11:43:16,796 - distributed-task-system - ERROR - enhanced_logger:_log_with_context:226 - Error in system monitoring loop: 'MonitoringService' object has no attribute '_check_system_health'
2026-03-05 11:43:36,083 - distributed-task-system - INFO - enhanced_logger:_log_with_context:226 - Starting monitoring service
2026-03-05 11:43:37,137 - distributed-task-system - INFO - enhanced_logger:_log_with_context:226 - Cleaned up old metrics
2026-03-05 11:43:45,300 - distributed-task-system - INFO - enhanced_logger:_log_with_context:226 - Performance: cpu_usage=64.4
2026-03-05 11:43:45,306 - distributed-task-system - INFO - enhanced_logger:_log_with_context:226 - Performance: memory_usage=93.3
2026-03-05 11:43:45,310 - distributed-task-system - INFO - enhanced_logger:_log_with_context:226 - Performance: queue_size=0
2026-03-05 11:43:45,322 - distributed-task-system - ERROR - enhanced_logger:_log_with_context:226 - Error collecting system metrics: EnhancedLogger.warning() got multiple values for argument 'message'
2026-03-05 11:43:45,336 - distributed-task-system - ERROR - enhanced_logger:_log_with_context:226 - Error in system monitoring loop: 'MonitoringService' object has no attribute '_check_system_health'
2026-03-05 11:43:45,347 - distributed-task-system - WARNING - enhanced_logger:_log_with_context:226 - System health: critical
2026-03-05 11:44:00,575 - distributed-task-system - INFO - enhanced_logger:_log_with_context:226 - Stopping monitoring service
2026-03-05 11:44:00,587 - distributed-task-system - INFO - enhanced_logger:_log_with_context:226 - Performance: cpu_usage=83.0
2026-03-05 11:44:00,592 - distributed-task-system - INFO - enhanced_logger:_log_with_context:226 - Performance: memory_usage=93.4
2026-03-05 11:44:00,599 - distributed-task-system - INFO - enhanced_logger:_log_with_context:226 - Performance: queue_size=0
2026-03-05 11:44:00,604 - distributed-task-system - ERROR - enhanced_logger:_log_with_context:226 - Error collecting system metrics: EnhancedLogger.warning() got multiple values for argument 'message'
2026-03-05 11:44:00,611 - distributed-task-system - ERROR - enhanced_logger:_log_with_context:226 - Error in system monitoring loop: 'MonitoringService' object has no attribute '_check_system_health'
2026-03-05 11:44:24,745 - distributed-task-system - INFO - enhanced_logger:_log_with_context:226 - Starting monitoring service
2026-03-05 11:44:25,810 - distributed-task-system - INFO - enhanced_logger:_log_with_context:226 - Cleaned up old metrics
2026-03-05 11:44:33,948 - distributed-task-system - INFO - enhanced_logger:_log_with_context:226 - Performance: cpu_usage=56.2
2026-03-05 11:44:33,950 - distributed-task-system - INFO - enhanced_logger:_log_with_context:226 - Performance: memory_usage=80.2
2026-03-05 11:44:33,953 - distributed-task-system - INFO - enhanced_logger:_log_with_context:226 - Performance: queue_size=0
2026-03-05 11:44:33,957 - distributed-task-system - ERROR - enhanced_logger:_log_with_context:226 - Error collecting system metrics: EnhancedLogger.warning() got multiple values for argument 'message'
2026-03-05 11:44:33,961 - distributed-task-system - ERROR - enhanced_logger:_log_with_context:226 - Error in system monitoring loop: 'MonitoringService' object has no attribute '_check_system_health'
2026-03-05 11:44:34,034 - distributed-task-system - WARNING - enhanced_logger:_log_with_context:226 - System health: critical
2026-03-05 11:44:49,254 - distributed-task-system - INFO - enhanced_logger:_log_with_context:226 - Stopping monitoring service
2026-03-05 11:44:49,268 - distributed-task-system - INFO - enhanced_logger:_log_with_context:226 - Performance: cpu_usage=49.6
2026-03-05 11:44:49,275 - distributed-task-system - INFO - enhanced_logger:_log_with_context:226 - Performance: memory_usage=86.2
2026-03-05 11:44:49,283 - distributed-task-system - INFO - enhanced_logger:_log_with_context:226 - Performance: queue_size=0
2026-03-05 11:44:49,292 - distributed-task-system - ERROR - enhanced_logger:_log_with_context:226 - Error collecting system metrics: EnhancedLogger.warning() got multiple values for argument 'message'
2026-03-05 11:44:49,301 - distributed-task-system - ERROR - enhanced_logger:_log_with_context:226 - Error in system monitoring loop: 'MonitoringService' object has no attribute '_check_system_health'
2026-03-05 11:45:07,224 - distributed-task-system - INFO - enhanced_logger:_log_with_context:226 - Starting monitoring service
2026-03-05 11:45:08,272 - distributed-task-system - INFO - enhanced_logger:_log_with_context:226 - Cleaned up old metrics
2026-03-05 11:45:16,414 - distributed-task-system - INFO - enhanced_logger:_log_with_context:226 - Performance: cpu_usage=35.1
2026-03-05 11:45:16,419 - distributed-task-system - INFO - enhanced_logger:_log_with_context:226 - Performance: memory_usage=85.8
2026-03-05 11:45:16,425 - distributed-task-system - INFO - enhanced_logger:_log_with_context:226 - Performance: queue_size=0
2026-03-05 11:45:16,431 - distributed-task-system - ERROR - enhanced_logger:_log_with_context:226 - Error collecting system metrics: EnhancedLogger.warning() got multiple values for argument 'message'
2026-03-05 11:45:16,485 - distributed-task-system - ERROR - enhanced_logger:_log_with_context:226 - Error in system monitoring loop: 'MonitoringService' object has no attribute '_check_system_health'
2026-03-05 11:45:16,493 - distributed-task-system - WARNING - enhanced_logger:_log_with_context:226 - System health: critical
2026-03-05 11:45:35,704 - distributed-task-system - INFO - enhanced_logger:_log_with_context:226 - Performance: cpu_usage=33.8
2026-03-05 11:45:35,713 - distributed-task-system - INFO - enhanced_logger:_log_with_context:226 - Performance: memory_usage=86.9
2026-03-05 11:45:35,730 - distributed-task-system - INFO - enhanced_logger:_log_with_context:226 - Performance: queue_size=0
2026-03-05 11:45:35,742 - distributed-task-system - ERROR - enhanced_logger:_log_with_context:226 - Error collecting system metrics: EnhancedLogger.warning() got multiple values for argument 'message'
2026-03-05 11:45:35,754 - distributed-task-system - ERROR - enhanced_logger:_log_with_context:226 - Error in system monitoring loop: 'MonitoringService' object has no attribute '_check_system_health'
2026-03-05 11:45:51,077 - distributed-task-system - INFO - enhanced_logger:_log_with_context:226 - Stopping monitoring service
2026-03-05 11:45:51,093 - distributed-task-system - INFO - enhanced_logger:_log_with_context:226 - Performance: cpu_usage=99.8
2026-03-05 11:45:51,096 - distributed-task-system - INFO - enhanced_logger:_log_with_context:226 - Performance: memory_usage=92.6
2026-03-05 11:45:51,102 - distributed-task-system - INFO - enhanced_logger:_log_with_context:226 - Performance: queue_size=0
2026-03-05 11:45:51,112 - distributed-task-system - ERROR - enhanced_logger:_log_with_context:226 - Error collecting system metrics: EnhancedLogger.critical() got multiple values for argument 'message'
2026-03-05 11:45:51,118 - distributed-task-system - ERROR - enhanced_logger:_log_with_context:226 - Error in system monitoring loop: 'MonitoringService' object has no attribute '_check_system_health'
2026-03-05 11:58:50,157 - distributed-task-system - INFO - enhanced_logger:_log_with_context:226 - Starting monitoring service
2026-03-05 11:58:51,188 - distributed-task-system - INFO - enhanced_logger:_log_with_context:226 - Cleaned up old metrics
2026-03-05 11:58:59,327 - distributed-task-system - WARNING - enhanced_logger:_log_with_context:226 - System health: critical
2026-03-05 11:58:59,357 - distributed-task-system - INFO - enhanced_logger:_log_with_context:226 - Performance: cpu_usage=37.1
2026-03-05 11:58:59,360 - distributed-task-system - INFO - enhanced_logger:_log_with_context:226 - Performance: memory_usage=90.5
2026-03-05 11:58:59,362 - distributed-task-system - INFO - enhanced_logger:_log_with_context:226 - Performance: queue_size=0
2026-03-05 11:58:59,364 - distributed-task-system - ERROR - enhanced_logger:_log_with_context:226 - Error collecting system metrics: EnhancedLogger.warning() got multiple values for argument 'message'
2026-03-05 11:58:59,366 - distributed-task-system - ERROR - enhanced_logger:_log_with_context:226 - Error in system monitoring loop: 'MonitoringService' object has no attribute '_check_system_health'
2026-03-05 11:59:18,537 - distributed-task-system - INFO - enhanced_logger:_log_with_context:226 - Performance: cpu_usage=26.9
2026-03-05 11:59:18,538 - distributed-task-system - INFO - enhanced_logger:_log_with_context:226 - Performance: memory_usage=88.3
2026-03-05 11:59:18,542 - distributed-task-system - INFO - enhanced_logger:_log_with_context:226 - Performance: queue_size=0
2026-03-05 11:59:18,545 - distributed-task-system - ERROR - enhanced_logger:_log_with_context:226 - Error collecting system metrics: EnhancedLogger.warning() got multiple values for argument 'message'
2026-03-05 11:59:18,551 - distributed-task-system - ERROR - enhanced_logger:_log_with_context:226 - Error in system monitoring loop: 'MonitoringService' object has no attribute '_check_system_health'
2026-03-05 11:59:37,720 - distributed-task-system - WARNING - enhanced_logger:_log_with_context:226 - System health: critical
2026-03-05 11:59:37,724 - distributed-task-system - INFO - enhanced_logger:_log_with_context:226 - Performance: cpu_usage=56.6
2026-03-05 11:59:37,730 - distributed-task-system - INFO - enhanced_logger:_log_with_context:226 - Performance: memory_usage=86.7
2026-03-05 11:59:37,739 - distributed-task-system - INFO - enhanced_logger:_log_with_context:226 - Performance: queue_size=0
2026-03-05 11:59:37,742 - distributed-task-system - ERROR - enhanced_logger:_log_with_context:226 - Error collecting system metrics: EnhancedLogger.warning() got multiple values for argument 'message'
2026-03-05 11:59:37,745 - distributed-task-system - ERROR - enhanced_logger:_log_with_context:226 - Error in system monitoring loop: 'MonitoringService' object has no attribute '_check_system_health'
2026-03-05 11:59:56,932 - distributed-task-system - INFO - enhanced_logger:_log_with_context:226 - Performance: cpu_usage=52.1
2026-03-05 11:59:56,934 - distributed-task-system - INFO - enhanced_logger:_log_with_context:226 - Performance: memory_usage=83.8
2026-03-05 11:59:56,941 - distributed-task-system - INFO - enhanced_logger:_log_with_context:226 - Performance: queue_size=0
2026-03-05 11:59:56,943 - distributed-task-system - ERROR - enhanced_logger:_log_with_context:226 - Error collecting system metrics: EnhancedLogger.warning() got multiple values for argument 'message'
2026-03-05 11:59:56,948 - distributed-task-system - ERROR - enhanced_logger:_log_with_context:226 - Error in system monitoring loop: 'MonitoringService' object has no attribute '_check_system_health'
2026-03-05 12:00:16,141 - distributed-task-system - INFO - enhanced_logger:_log_with_context:226 - Performance: cpu_usage=34.2
2026-03-05 12:00:16,142 - distributed-task-system - INFO - enhanced_logger:_log_with_context:226 - Performance: memory_usage=86.5
2026-03-05 12:00:16,143 - distributed-task-system - INFO - enhanced_logger:_log_with_context:226 - Performance: queue_size=0
2026-03-05 12:00:16,146 - distributed-task-system - ERROR - enhanced_logger:_log_with_context:226 - Error collecting system metrics: EnhancedLogger.warning() got multiple values for argument 'message'
2026-03-05 12:00:16,149 - distributed-task-system - ERROR - enhanced_logger:_log_with_context:226 - Error in system monitoring loop: 'MonitoringService' object has no attribute '_check_system_health'
2026-03-05 12:00:16,157 - distributed-task-system - WARNING - enhanced_logger:_log_with_context:226 - System health: critical
2026-03-05 12:00:35,338 - distributed-task-system - INFO - enhanced_logger:_log_with_context:226 - Performance: cpu_usage=25.5
2026-03-05 12:00:35,341 - distributed-task-system - INFO - enhanced_logger:_log_with_context:226 - Performance: memory_usage=84.9
2026-03-05 12:00:35,343 - distributed-task-system - INFO - enhanced_logger:_log_with_context:226 - Performance: queue_size=0
2026-03-05 12:00:35,345 - distributed-task-system - ERROR - enhanced_logger:_log_with_context:226 - Error collecting system metrics: EnhancedLogger.warning() got multiple values for argument 'message'
2026-03-05 12:00:35,348 - distributed-task-system - ERROR - enhanced_logger:_log_with_context:226 - Error in system monitoring loop: 'MonitoringService' object has no attribute '_check_system_health'
2026-03-05 12:00:54,509 - distributed-task-system - INFO - enhanced_logger:_log_with_context:226 - Performance: cpu_usage=20.6
2026-03-05 12:00:54,512 - distributed-task-system - INFO - enhanced_logger:_log_with_context:226 - Performance: memory_usage=86.2
2026-03-05 12:00:54,514 - distributed-task-system - INFO - enhanced_logger:_log_with_context:226 - Performance: queue_size=0
2026-03-05 12:00:54,519 - distributed-task-system - ERROR - enhanced_logger:_log_with_context:226 - Error collecting system metrics: EnhancedLogger.warning() got multiple values for argument 'message'
2026-03-05 12:00:54,520 - distributed-task-system - ERROR - enhanced_logger:_log_with_context:226 - Error in system monitoring loop: 'MonitoringService' object has no attribute '_check_system_health'
2026-03-05 12:00:54,523 - distributed-task-system - WARNING - enhanced_logger:_log_with_context:226 - System health: critical
2026-03-05 12:01:13,654 - distributed-task-system - INFO - enhanced_logger:_log_with_context:226 - Performance: cpu_usage=18.4
2026-03-05 12:01:13,655 - distributed-task-system - INFO - enhanced_logger:_log_with_context:226 - Performance: memory_usage=88.9
2026-03-05 12:01:13,658 - distributed-task-system - INFO - enhanced_logger:_log_with_context:226 - Performance: queue_size=0
2026-03-05 12:01:13,659 - distributed-task-system - ERROR - enhanced_logger:_log_with_context:226 - Error collecting system metrics: EnhancedLogger.warning() got multiple values for argument 'message'
2026-03-05 12:01:13,661 - distributed-task-system - ERROR - enhanced_logger:_log_with_context:226 - Error in system monitoring loop: 'MonitoringService' object has no attribute '_check_system_health'
2026-03-05 12:01:32,796 - distributed-task-system - WARNING - enhanced_logger:_log_with_context:226 - System health: critical
2026-03-05 12:01:32,812 - distributed-task-system - INFO - enhanced_logger:_log_with_context:226 - Performance: cpu_usage=22.6
2026-03-05 12:01:32,813 - distributed-task-system - INFO - enhanced_logger:_log_with_context:226 - Performance: memory_usage=93.0
2026-03-05 12:01:32,815 - distributed-task-system - INFO - enhanced_logger:_log_with_context:226 - Performance: queue_size=0
2026-03-05 12:01:32,816 - distributed-task-system - ERROR - enhanced_logger:_log_with_context:226 - Error collecting system metrics: EnhancedLogger.warning() got multiple values for argument 'message'
2026-03-05 12:01:32,818 - distributed-task-system - ERROR - enhanced_logger:_log_with_context:226 - Error in system monitoring loop: 'MonitoringService' object has no attribute '_check_system_health'
2026-03-05 12:01:51,949 - distributed-task-system - INFO - enhanced_logger:_log_with_context:226 - Performance: cpu_usage=24.2
2026-03-05 12:01:51,952 - distributed-task-system - INFO - enhanced_logger:_log_with_context:226 - Performance: memory_usage=89.6
2026-03-05 12:01:51,954 - distributed-task-system - INFO - enhanced_logger:_log_with_context:226 - Performance: queue_size=0
2026-03-05 12:01:51,956 - distributed-task-system - ERROR - enhanced_logger:_log_with_context:226 - Error collecting system metrics: EnhancedLogger.warning() got multiple values for argument 'message'
2026-03-05 12:01:51,958 - distributed-task-system - ERROR - enhanced_logger:_log_with_context:226 - Error in system monitoring loop: 'MonitoringService' object has no attribute '_check_system_health'
2026-03-05 12:02:11,141 - distributed-task-system - INFO - enhanced_logger:_log_with_context:226 - Performance: cpu_usage=17.3
2026-03-05 12:02:11,142 - distributed-task-system - INFO - enhanced_logger:_log_with_context:226 - Performance: memory_usage=90.3
2026-03-05 12:02:11,145 - distributed-task-system - INFO - enhanced_logger:_log_with_context:226 - Performance: queue_size=0
2026-03-05 12:02:11,148 - distributed-task-system - ERROR - enhanced_logger:_log_with_context:226 - Error collecting system metrics: EnhancedLogger.warning() got multiple values for argument 'message'
2026-03-05 12:02:11,149 - distributed-task-system - ERROR - enhanced_logger:_log_with_context:226 - Error in system monitoring loop: 'MonitoringService' object has no attribute '_check_system_health'
2026-03-05 12:02:11,152 - distributed-task-system - WARNING - enhanced_logger:_log_with_context:226 - System health: critical
2026-03-05 12:02:30,315 - distributed-task-system - INFO - enhanced_logger:_log_with_context:226 - Performance: cpu_usage=21.4
2026-03-05 12:02:30,318 - distributed-task-system - INFO - enhanced_logger:_log_with_context:226 - Performance: memory_usage=84.6
2026-03-05 12:02:30,320 - distributed-task-system - INFO - enhanced_logger:_log_with_context:226 - Performance: queue_size=0
2026-03-05 12:02:30,322 - distributed-task-system - ERROR - enhanced_logger:_log_with_context:226 - Error collecting system metrics: EnhancedLogger.warning() got multiple values for argument 'message'
2026-03-05 12:02:30,324 - distributed-task-system - ERROR - enhanced_logger:_log_with_context:226 - Error in system monitoring loop: 'MonitoringService' object has no attribute '_check_system_health'
2026-03-05 12:02:49,502 - distributed-task-system - INFO - enhanced_logger:_log_with_context:226 - Performance: cpu_usage=37.4
2026-03-05 12:02:49,505 - distributed-task-system - INFO - enhanced_logger:_log_with_context:226 - Performance: memory_usage=88.6
2026-03-05 12:02:49,509 - distributed-task-system - INFO - enhanced_logger:_log_with_context:226 - Performance: queue_size=0
2026-03-05 12:02:49,512 - distributed-task-system - ERROR - enhanced_logger:_log_with_context:226 - Error collecting system metrics: EnhancedLogger.warning() got multiple values for argument 'message'
2026-03-05 12:02:49,512 - distributed-task-system - ERROR - enhanced_logger:_log_with_context:226 - Error in system monitoring loop: 'MonitoringService' object has no attribute '_check_system_health'
2026-03-05 12:02:49,552 - distributed-task-system - WARNING - enhanced_logger:_log_with_context:226 - System health: critical
2026-03-05 12:03:08,695 - distributed-task-system - INFO - enhanced_logger:_log_with_context:226 - Performance: cpu_usage=42.7
2026-03-05 12:03:08,695 - distributed-task-system - INFO - enhanced_logger:_log_with_context:226 - Performance: memory_usage=86.6
2026-03-05 12:03:08,698 - distributed-task-system - INFO - enhanced_logger:_log_with_context:226 - Performance: queue_size=0
2026-03-05 12:03:08,700 - distributed-task-system - ERROR - enhanced_logger:_log_with_context:226 - Error collecting system metrics: EnhancedLogger.warning() got multiple values for argument 'message'
2026-03-05 12:03:08,702 - distributed-task-system - ERROR - enhanced_logger:_log_with_context:226 - Error in system monitoring loop: 'MonitoringService' object has no attribute '_check_system_health'
2026-03-05 12:03:27,826 - distributed-task-system - INFO - enhanced_logger:_log_with_context:226 - Performance: cpu_usage=12.2
2026-03-05 12:03:27,826 - distributed-task-system - INFO - enhanced_logger:_log_with_context:226 - Performance: memory_usage=92.8
2026-03-05 12:03:27,829 - distributed-task-system - INFO - enhanced_logger:_log_with_context:226 - Performance: queue_size=0
2026-03-05 12:03:27,831 - distributed-task-system - ERROR - enhanced_logger:_log_with_context:226 - Error collecting system metrics: EnhancedLogger.warning() got multiple values for argument 'message'
2026-03-05 12:03:27,832 - distributed-task-system - ERROR - enhanced_logger:_log_with_context:226 - Error in system monitoring loop: 'MonitoringService' object has no attribute '_check_system_health'
2026-03-05 12:03:27,835 - distributed-task-system - WARNING - enhanced_logger:_log_with_context:226 - System health: critical
2026-03-05 12:03:46,960 - distributed-task-system - INFO - enhanced_logger:_log_with_context:226 - Performance: cpu_usage=15.6
2026-03-05 12:03:46,963 - distributed-task-system - INFO - enhanced_logger:_log_with_context:226 - Performance: memory_usage=87.5
2026-03-05 12:03:46,963 - distributed-task-system - INFO - enhanced_logger:_log_with_context:226 - Performance: queue_size=0
2026-03-05 12:03:46,965 - distributed-task-system - ERROR - enhanced_logger:_log_with_context:226 - Error collecting system metrics: EnhancedLogger.warning() got multiple values for argument 'message'
2026-03-05 12:03:46,968 - distributed-task-system - ERROR - enhanced_logger:_log_with_context:226 - Error in system monitoring loop: 'MonitoringService' object has no attribute '_check_system_health'
2026-03-05 12:03:51,189 - distributed-task-system - WARNING - enhanced_logger:_log_with_context:226 - High average memory usage detected
2026-03-05 12:04:06,154 - distributed-task-system - WARNING - enhanced_logger:_log_with_context:226 - System health: critical
2026-03-05 12:04:06,166 - distributed-task-system - INFO - enhanced_logger:_log_with_context:226 - Performance: cpu_usage=19.8
2026-03-05 12:04:06,197 - distributed-task-system - INFO - enhanced_logger:_log_with_context:226 - Performance: memory_usage=90.0
2026-03-05 12:04:06,206 - distributed-task-system - INFO - enhanced_logger:_log_with_context:226 - Performance: queue_size=0
2026-03-05 12:04:06,224 - distributed-task-system - ERROR - enhanced_logger:_log_with_context:226 - Error collecting system metrics: EnhancedLogger.warning() got multiple values for argument 'message'
2026-03-05 12:04:06,225 - distributed-task-system - ERROR - enhanced_logger:_log_with_context:226 - Error in system monitoring loop: 'MonitoringService' object has no attribute '_check_system_health'
2026-03-05 12:04:25,382 - distributed-task-system - INFO - enhanced_logger:_log_with_context:226 - Performance: cpu_usage=33.7
2026-03-05 12:04:25,382 - distributed-task-system - INFO - enhanced_logger:_log_with_context:226 - Performance: memory_usage=94.0
2026-03-05 12:04:25,384 - distributed-task-system - INFO - enhanced_logger:_log_with_context:226 - Performance: queue_size=0
2026-03-05 12:04:25,387 - distributed-task-system - ERROR - enhanced_logger:_log_with_context:226 - Error collecting system metrics: EnhancedLogger.warning() got multiple values for argument 'message'
2026-03-05 12:04:25,391 - distributed-task-system - ERROR - enhanced_logger:_log_with_context:226 - Error in system monitoring loop: 'MonitoringService' object has no attribute '_check_system_health'
2026-03-05 12:04:44,543 - distributed-task-system - INFO - enhanced_logger:_log_with_context:226 - Performance: cpu_usage=42.4
2026-03-05 12:04:44,544 - distributed-task-system - INFO - enhanced_logger:_log_with_context:226 - Performance: memory_usage=76.8
2026-03-05 12:04:44,546 - distributed-task-system - INFO - enhanced_logger:_log_with_context:226 - Performance: queue_size=0
2026-03-05 12:04:44,548 - distributed-task-system - ERROR - enhanced_logger:_log_with_context:226 - Error in system monitoring loop: 'MonitoringService' object has no attribute '_check_system_health'
2026-03-05 12:04:44,551 - distributed-task-system - WARNING - enhanced_logger:_log_with_context:226 - System health: critical
2026-03-05 12:05:03,700 - distributed-task-system - INFO - enhanced_logger:_log_with_context:226 - Performance: cpu_usage=71.8
2026-03-05 12:05:03,703 - distributed-task-system - INFO - enhanced_logger:_log_with_context:226 - Performance: memory_usage=84.1
2026-03-05 12:05:03,704 - distributed-task-system - INFO - enhanced_logger:_log_with_context:226 - Performance: queue_size=0
2026-03-05 12:05:03,705 - distributed-task-system - ERROR - enhanced_logger:_log_with_context:226 - Error collecting system metrics: EnhancedLogger.warning() got multiple values for argument 'message'
2026-03-05 12:05:03,707 - distributed-task-system - ERROR - enhanced_logger:_log_with_context:226 - Error in system monitoring loop: 'MonitoringService' object has no attribute '_check_system_health'
2026-03-05 12:05:22,874 - distributed-task-system - WARNING - enhanced_logger:_log_with_context:226 - System health: critical
2026-03-05 12:05:22,879 - distributed-task-system - INFO - enhanced_logger:_log_with_context:226 - Performance: cpu_usage=65.0
2026-03-05 12:05:22,883 - distributed-task-system - INFO - enhanced_logger:_log_with_context:226 - Performance: memory_usage=89.3
2026-03-05 12:05:22,885 - distributed-task-system - INFO - enhanced_logger:_log_with_context:226 - Performance: queue_size=0
2026-03-05 12:05:22,889 - distributed-task-system - ERROR - enhanced_logger:_log_with_context:226 - Error collecting system metrics: EnhancedLogger.warning() got multiple values for argument 'message'
2026-03-05 12:05:22,897 - distributed-task-system - ERROR - enhanced_logger:_log_with_context:226 - Error in system monitoring loop: 'MonitoringService' object has no attribute '_check_system_health'
2026-03-05 12:05:42,050 - distributed-task-system - INFO - enhanced_logger:_log_with_context:226 - Performance: cpu_usage=71.3
2026-03-05 12:05:42,051 - distributed-task-system - INFO - enhanced_logger:_log_with_context:226 - Performance: memory_usage=94.0
2026-03-05 12:05:42,053 - distributed-task-system - INFO - enhanced_logger:_log_with_context:226 - Performance: queue_size=0
2026-03-05 12:05:42,055 - distributed-task-system - ERROR - enhanced_logger:_log_with_context:226 - Error collecting system metrics: EnhancedLogger.warning() got multiple values for argument 'message'
2026-03-05 12:05:42,058 - distributed-task-system - ERROR - enhanced_logger:_log_with_context:226 - Error in system monitoring loop: 'MonitoringService' object has no attribute '_check_system_health'
2026-03-05 12:06:01,200 - distributed-task-system - INFO - enhanced_logger:_log_with_context:226 - Performance: cpu_usage=22.1
2026-03-05 12:06:01,202 - distributed-task-system - INFO - enhanced_logger:_log_with_context:226 - Performance: memory_usage=84.4
2026-03-05 12:06:01,204 - distributed-task-system - INFO - enhanced_logger:_log_with_context:226 - Performance: queue_size=0
2026-03-05 12:06:01,208 - distributed-task-system - ERROR - enhanced_logger:_log_with_context:226 - Error collecting system metrics: EnhancedLogger.warning() got multiple values for argument 'message'
2026-03-05 12:06:01,210 - distributed-task-system - ERROR - enhanced_logger:_log_with_context:226 - Error in system monitoring loop: 'MonitoringService' object has no attribute '_check_system_health'
2026-03-05 12:06:01,236 - distributed-task-system - WARNING - enhanced_logger:_log_with_context:226 - System health: critical
2026-03-05 12:06:20,362 - distributed-task-system - INFO - enhanced_logger:_log_with_context:226 - Performance: cpu_usage=23.6
2026-03-05 12:06:20,364 - distributed-task-system - INFO - enhanced_logger:_log_with_context:226 - Performance: memory_usage=86.2
2026-03-05 12:06:20,366 - distributed-task-system - INFO - enhanced_logger:_log_with_context:226 - Performance: queue_size=0
2026-03-05 12:06:20,367 - distributed-task-system - ERROR - enhanced_logger:_log_with_context:226 - Error collecting system metrics: EnhancedLogger.warning() got multiple values for argument 'message'
2026-03-05 12:06:20,369 - distributed-task-system - ERROR - enhanced_logger:_log_with_context:226 - Error in system monitoring loop: 'MonitoringService' object has no attribute '_check_system_health'
2026-03-05 12:06:39,513 - distributed-task-system - INFO - enhanced_logger:_log_with_context:226 - Performance: cpu_usage=16.6
2026-03-05 12:06:39,515 - distributed-task-system - INFO - enhanced_logger:_log_with_context:226 - Performance: memory_usage=84.4
2026-03-05 12:06:39,517 - distributed-task-system - INFO - enhanced_logger:_log_with_context:226 - Performance: queue_size=0
2026-03-05 12:06:39,519 - distributed-task-system - ERROR - enhanced_logger:_log_with_context:226 - Error collecting system metrics: EnhancedLogger.warning() got multiple values for argument 'message'
2026-03-05 12:06:39,522 - distributed-task-system - ERROR - enhanced_logger:_log_with_context:226 - Error in system monitoring loop: 'MonitoringService' object has no attribute '_check_system_health'
2026-03-05 12:06:39,544 - distributed-task-system - WARNING - enhanced_logger:_log_with_context:226 - System health: critical
2026-03-05 12:06:58,638 - distributed-task-system - INFO - enhanced_logger:_log_with_context:226 - Performance: cpu_usage=16.1
2026-03-05 12:06:58,640 - distributed-task-system - INFO - enhanced_logger:_log_with_context:226 - Performance: memory_usage=87.3
2026-03-05 12:06:58,642 - distributed-task-system - INFO - enhanced_logger:_log_with_context:226 - Performance: queue_size=0
2026-03-05 12:06:58,644 - distributed-task-system - ERROR - enhanced_logger:_log_with_context:226 - Error collecting system metrics: EnhancedLogger.warning() got multiple values for argument 'message'
2026-03-05 12:06:58,645 - distributed-task-system - ERROR - enhanced_logger:_log_with_context:226 - Error in system monitoring loop: 'MonitoringService' object has no attribute '_check_system_health'
2026-03-05 12:07:17,817 - distributed-task-system - WARNING - enhanced_logger:_log_with_context:226 - System health: critical
2026-03-05 12:07:17,831 - distributed-task-system - INFO - enhanced_logger:_log_with_context:226 - Performance: cpu_usage=37.5
2026-03-05 12:07:17,832 - distributed-task-system - INFO - enhanced_logger:_log_with_context:226 - Performance: memory_usage=89.7
2026-03-05 12:07:17,833 - distributed-task-system - INFO - enhanced_logger:_log_with_context:226 - Performance: queue_size=0
2026-03-05 12:07:17,835 - distributed-task-system - ERROR - enhanced_logger:_log_with_context:226 - Error collecting system metrics: EnhancedLogger.warning() got multiple values for argument 'message'
2026-03-05 12:07:17,837 - distributed-task-system - ERROR - enhanced_logger:_log_with_context:226 - Error in system monitoring loop: 'MonitoringService' object has no attribute '_check_system_health'
2026-03-05 12:07:33,160 - distributed-task-system - INFO - enhanced_logger:_log_with_context:226 - Stopping monitoring service
2026-03-05 12:07:33,219 - distributed-task-system - INFO - enhanced_logger:_log_with_context:226 - Performance: cpu_usage=53.4
2026-03-05 12:07:33,223 - distributed-task-system - INFO - enhanced_logger:_log_with_context:226 - Performance: memory_usage=89.1
2026-03-05 12:07:33,227 - distributed-task-system - INFO - enhanced_logger:_log_with_context:226 - Performance: queue_size=0
2026-03-05 12:07:33,230 - distributed-task-system - ERROR - enhanced_logger:_log_with_context:226 - Error collecting system metrics: EnhancedLogger.warning() got multiple values for argument 'message'
2026-03-05 12:07:33,233 - distributed-task-system - ERROR - enhanced_logger:_log_with_context:226 - Error in system monitoring loop: 'MonitoringService' object has no attribute '_check_system_health'
2026-03-05 12:07:50,356 - distributed-task-system - INFO - enhanced_logger:_log_with_context:226 - Starting monitoring service
2026-03-05 12:07:51,378 - distributed-task-system - INFO - enhanced_logger:_log_with_context:226 - Cleaned up old metrics
2026-03-05 12:07:59,495 - distributed-task-system - INFO - enhanced_logger:_log_with_context:226 - Performance: cpu_usage=38.0
2026-03-05 12:07:59,495 - distributed-task-system - INFO - enhanced_logger:_log_with_context:226 - Performance: memory_usage=89.7
2026-03-05 12:07:59,497 - distributed-task-system - INFO - enhanced_logger:_log_with_context:226 - Performance: queue_size=0
2026-03-05 12:07:59,499 - distributed-task-system - ERROR - enhanced_logger:_log_with_context:226 - Error collecting system metrics: EnhancedLogger.warning() got multiple values for argument 'message'
2026-03-05 12:07:59,502 - distributed-task-system - ERROR - enhanced_logger:_log_with_context:226 - Error in system monitoring loop: 'MonitoringService' object has no attribute '_check_system_health'
2026-03-05 12:07:59,556 - distributed-task-system - WARNING - enhanced_logger:_log_with_context:226 - System health: critical
2026-03-05 12:08:18,756 - distributed-task-system - INFO - enhanced_logger:_log_with_context:226 - Performance: cpu_usage=81.8
2026-03-05 12:08:18,769 - distributed-task-system - INFO - enhanced_logger:_log_with_context:226 - Performance: memory_usage=89.9
2026-03-05 12:08:18,794 - distributed-task-system - INFO - enhanced_logger:_log_with_context:226 - Performance: queue_size=0
2026-03-05 12:08:18,811 - distributed-task-system - ERROR - enhanced_logger:_log_with_context:226 - Error collecting system metrics: EnhancedLogger.warning() got multiple values for argument 'message'
2026-03-05 12:08:18,820 - distributed-task-system - ERROR - enhanced_logger:_log_with_context:226 - Error in system monitoring loop: 'MonitoringService' object has no attribute '_check_system_health'
2026-03-05 12:08:37,944 - distributed-task-system - WARNING - enhanced_logger:_log_with_context:226 - System health: critical
2026-03-05 12:08:38,006 - distributed-task-system - INFO - enhanced_logger:_log_with_context:226 - Performance: cpu_usage=34.2
2026-03-05 12:08:38,008 - distributed-task-system - INFO - enhanced_logger:_log_with_context:226 - Performance: memory_usage=85.4
2026-03-05 12:08:38,009 - distributed-task-system - INFO - enhanced_logger:_log_with_context:226 - Performance: queue_size=0
2026-03-05 12:08:38,012 - distributed-task-system - ERROR - enhanced_logger:_log_with_context:226 - Error collecting system metrics: EnhancedLogger.warning() got multiple values for argument 'message'
2026-03-05 12:08:38,014 - distributed-task-system - ERROR - enhanced_logger:_log_with_context:226 - Error in system monitoring loop: 'MonitoringService' object has no attribute '_check_system_health'
2026-03-05 12:08:57,140 - distributed-task-system - INFO - enhanced_logger:_log_with_context:226 - Performance: cpu_usage=20.6
2026-03-05 12:08:57,142 - distributed-task-system - INFO - enhanced_logger:_log_with_context:226 - Performance: memory_usage=86.0
2026-03-05 12:08:57,143 - distributed-task-system - INFO - enhanced_logger:_log_with_context:226 - Performance: queue_size=0
2026-03-05 12:08:57,146 - distributed-task-system - ERROR - enhanced_logger:_log_with_context:226 - Error collecting system metrics: EnhancedLogger.warning() got multiple values for argument 'message'
2026-03-05 12:08:57,149 - distributed-task-system - ERROR - enhanced_logger:_log_with_context:226 - Error in system monitoring loop: 'MonitoringService' object has no attribute '_check_system_health'
2026-03-05 12:09:16,269 - distributed-task-system - INFO - enhanced_logger:_log_with_context:226 - Performance: cpu_usage=39.2
2026-03-05 12:09:16,272 - distributed-task-system - INFO - enhanced_logger:_log_with_context:226 - Performance: memory_usage=91.3
2026-03-05 12:09:16,275 - distributed-task-system - INFO - enhanced_logger:_log_with_context:226 - Performance: queue_size=0
2026-03-05 12:09:16,275 - distributed-task-system - ERROR - enhanced_logger:_log_with_context:226 - Error collecting system metrics: EnhancedLogger.warning() got multiple values for argument 'message'
2026-03-05 12:09:16,277 - distributed-task-system - ERROR - enhanced_logger:_log_with_context:226 - Error in system monitoring loop: 'MonitoringService' object has no attribute '_check_system_health'
2026-03-05 12:09:16,284 - distributed-task-system - WARNING - enhanced_logger:_log_with_context:226 - System health: critical
