{"timestamp": "2026-03-05T11:33:23.283500", "level": "INFO", "logger": "distributed-task-system", "module": "enhanced_logger", "function": "_log_with_context", "line": 226, "message": "Starting monitoring service", "thread": 17152, "process": 13524}
{"timestamp": "2026-03-05T11:33:24.314553", "level": "INFO", "logger": "distributed-task-system", "module": "enhanced_logger", "function": "_log_with_context", "line": 226, "message": "Cleaned up old metrics", "thread": 17152, "process": 13524}
{"timestamp": "2026-03-05T11:33:32.426376", "level": "INFO", "logger": "distributed-task-system", "module": "enhanced_logger", "function": "_log_with_context", "line": 226, "message": "Performance: cpu_usage=66.4", "thread": 17152, "process": 13524}
{"timestamp": "2026-03-05T11:33:32.428879", "level": "INFO", "logger": "distributed-task-system", "module": "enhanced_logger", "function": "_log_with_context", "line": 226, "message": "Performance: memory_usage=92.7", "thread": 17152, "process": 13524}
{"timestamp": "2026-03-05T11:33:32.431269", "level": "INFO", "logger": "distributed-task-system", "module": "enhanced_logger", "function": "_log_with_context", "line": 226, "message": "Performance: queue_size=0", "thread": 17152, "process": 13524}
{"timestamp": "2026-03-05T11:33:32.433374", "level": "ERROR", "logger": "distributed-task-system", "module": "enhanced_logger", "function": "_log_with_context", "line": 226, "message": "Error collecting system metrics: EnhancedLogger.warning() got multiple values for argument 'message'", "thread": 17152, "process": 13524}
{"timestamp": "2026-03-05T11:33:32.436779", "level": "ERROR", "logger": "distributed-task-system", "module": "enhanced_logger", "function": "_log_with_context", "line": 226, "message": "Error in system monitoring loop: 'MonitoringService' object has no attribute '_check_system_health'", "thread": 17152, "process": 13524}
{"timestamp": "2026-03-05T11:33:32.488100", "level": "WARNING", "logger": "distributed-task-system", "module": "enhanced_logger", "function": "_log_with_context", "line": 226, "message": "System health: critical", "thread": 17152, "process": 13524}
{"timestamp": "2026-03-05T11:33:51.581391", "level": "INFO", "logger": "distributed-task-system", "module": "enhanced_logger", "function": "_log_with_context", "line": 226, "message": "Performance: cpu_usage=59.0", "thread": 17152, "process": 13524}
{"timestamp": "2026-03-05T11:33:51.583517", "level": "INFO", "logger": "distributed-task-system", "module": "enhanced_logger", "function": "_log_with_context", "line": 226, "message": "Performance: memory_usage=93.9", "thread": 17152, "process": 13524}
{"timestamp": "2026-03-05T11:33:51.585751", "level": "INFO", "logger": "distributed-task-system", "module": "enhanced_logger", "function": "_log_with_context", "line": 226, "message": "Performance: queue_size=0", "thread": 17152, "process": 13524}
{"timestamp": "2026-03-05T11:33:51.588018", "level": "ERROR", "logger": "distributed-task-system", "module": "enhanced_logger", "function": "_log_with_context", "line": 226, "message": "Error collecting system metrics: EnhancedLogger.warning() got multiple values for argument 'message'", "thread": 17152, "process": 13524}
{"timestamp": "2026-03-05T11:33:51.588688", "level": "ERROR", "logger": "distributed-task-system", "module": "enhanced_logger", "function": "_log_with_context", "line": 226, "message": "Error in system monitoring loop: 'MonitoringService' object has no attribute '_check_system_health'", "thread": 17152, "process": 13524}
{"timestamp": "2026-03-05T11:34:06.862763", "level": "INFO", "logger": "distributed-task-system", "module": "enhanced_logger", "function": "_log_with_context", "line": 226, "message": "Stopping monitoring service", "thread": 17152, "process": 13524}
{"timestamp": "2026-03-05T11:34:06.869330", "level": "INFO", "logger": "distributed-task-system", "module": "enhanced_logger", "function": "_log_with_context", "line": 226, "message": "Performance: cpu_usage=49.2", "thread": 17152, "process": 13524}
{"timestamp": "2026-03-05T11:34:06.873206", "level": "INFO", "logger": "distributed-task-system", "module": "enhanced_logger", "function": "_log_with_context", "line": 226, "message": "Performance: memory_usage=83.0", "thread": 17152, "process": 13524}
{"timestamp": "2026-03-05T11:34:06.876332", "level": "INFO", "logger": "distributed-task-system", "module": "enhanced_logger", "function": "_log_with_context", "line": 226, "message": "Performance: queue_size=0", "thread": 17152, "process": 13524}
{"timestamp": "2026-03-05T11:34:06.881157", "level": "ERROR", "logger": "distributed-task-system", "module": "enhanced_logger", "function": "_log_with_context", "line": 226, "message": "Error collecting system metrics: EnhancedLogger.warning() got multiple values for argument 'message'", "thread": 17152, "process": 13524}
{"timestamp": "2026-03-05T11:34:06.886123", "level": "ERROR", "logger": "distributed-task-system", "module": "enhanced_logger", "function": "_log_with_context", "line": 226, "message": "Error in system monitoring loop: 'MonitoringService' object has no attribute '_check_system_health'", "thread": 17152, "process": 13524}
{"timestamp": "2026-03-05T11:34:25.128613", "level": "INFO", "logger": "distributed-task-system", "module": "enhanced_logger", "function": "_log_with_context", "line": 226, "message": "Starting monitoring service", "thread": 13108, "process": 7524}
{"timestamp": "2026-03-05T11:34:26.155413", "level": "INFO", "logger": "distributed-task-system", "module": "enhanced_logger", "function": "_log_with_context", "line": 226, "message": "Cleaned up old metrics", "thread": 13108, "process": 7524}
{"timestamp": "2026-03-05T11:34:34.309933", "level": "INFO", "logger": "distributed-task-system", "module": "enhanced_logger", "function": "_log_with_context", "line": 226, "message": "Performance: cpu_usage=39.0", "thread": 13108, "process": 7524}
{"timestamp": "2026-03-05T11:34:34.312550", "level": "INFO", "logger": "distributed-task-system", "module": "enhanced_logger", "function": "_log_with_context", "line": 226, "message": "Performance: memory_usage=81.9", "thread": 13108, "process": 7524}
{"timestamp": "2026-03-05T11:34:34.315566", "level": "INFO", "logger": "distributed-task-system", "module": "enhanced_logger", "function": "_log_with_context", "line": 226, "message": "Performance: queue_size=0", "thread": 13108, "process": 7524}
{"timestamp": "2026-03-05T11:34:34.318354", "level": "ERROR", "logger": "distributed-task-system", "module": "enhanced_logger", "function": "_log_with_context", "line": 226, "message": "Error collecting system metrics: EnhancedLogger.warning() got multiple values for argument 'message'", "thread": 13108, "process": 7524}
{"timestamp": "2026-03-05T11:34:34.320632", "level": "ERROR", "logger": "distributed-task-system", "module": "enhanced_logger", "function": "_log_with_context", "line": 226, "message": "Error in system monitoring loop: 'MonitoringService' object has no attribute '_check_system_health'", "thread": 13108, "process": 7524}
{"timestamp": "2026-03-05T11:34:34.343328", "level": "WARNING", "logger": "distributed-task-system", "module": "enhanced_logger", "function": "_log_with_context", "line": 226, "message": "System health: critical", "thread": 13108, "process": 7524}
{"timestamp": "2026-03-05T11:34:53.485007", "level": "INFO", "logger": "distributed-task-system", "module": "enhanced_logger", "function": "_log_with_context", "line": 226, "message": "Performance: cpu_usage=24.2", "thread": 13108, "process": 7524}
{"timestamp": "2026-03-05T11:34:53.487942", "level": "INFO", "logger": "distributed-task-system", "module": "enhanced_logger", "function": "_log_with_context", "line": 226, "message": "Performance: memory_usage=85.6", "thread": 13108, "process": 7524}
{"timestamp": "2026-03-05T11:34:53.488672", "level": "INFO", "logger": "distributed-task-system", "module": "enhanced_logger", "function": "_log_with_context", "line": 226, "message": "Performance: queue_size=0", "thread": 13108, "process": 7524}
{"timestamp": "2026-03-05T11:34:53.492891", "level": "ERROR", "logger": "distributed-task-system", "module": "enhanced_logger", "function": "_log_with_context", "line": 226, "message": "Error collecting system metrics: EnhancedLogger.warning() got multiple values for argument 'message'", "thread": 13108, "process": 7524}
{"timestamp": "2026-03-05T11:34:53.498774", "level": "ERROR", "logger": "distributed-task-system", "module": "enhanced_logger", "function": "_log_with_context", "line": 226, "message": "Error in system monitoring loop: 'MonitoringService' object has no attribute '_check_system_health'", "thread": 13108, "process": 7524}
{"timestamp": "2026-03-05T11:35:08.602188", "level": "INFO", "logger": "distributed-task-system", "module": "enhanced_logger", "function": "_log_with_context", "line": 226, "message": "Updated alert threshold cpu_warning: 0.7 -> 0.6", "thread": 13108, "process": 7524}
{"timestamp": "2026-03-05T11:35:08.606087", "level": "INFO", "logger": "distributed-task-system", "module": "enhanced_logger", "function": "_log_with_context", "line": 226, "message": "Updated alert threshold cpu_critical: 0.9 -> 0.9", "thread": 13108, "process": 7524}
{"timestamp": "2026-03-05T11:35:08.609083", "level": "INFO", "logger": "distributed-task-system", "module": "enhanced_logger", "function": "_log_with_context", "line": 226, "message": "Updated alert threshold memory_warning: 0.8 -> 0.8", "thread": 13108, "process": 7524}
{"timestamp": "2026-03-05T11:35:08.612484", "level": "INFO", "logger": "distributed-task-system", "module": "enhanced_logger", "function": "_log_with_context", "line": 226, "message": "Updated alert threshold memory_critical: 0.95 -> 0.95", "thread": 13108, "process": 7524}
{"timestamp": "2026-03-05T11:35:08.615003", "level": "INFO", "logger": "distributed-task-system", "module": "enhanced_logger", "function": "_log_with_context", "line": 226, "message": "Updated alert threshold disk_warning: 0.8 -> 0.8", "thread": 13108, "process": 7524}
{"timestamp": "2026-03-05T11:35:08.616346", "level": "INFO", "logger": "distributed-task-system", "module": "enhanced_logger", "function": "_log_with_context", "line": 226, "message": "Updated alert threshold disk_critical: 0.9 -> 0.9", "thread": 13108, "process": 7524}
{"timestamp": "2026-03-05T11:35:08.619664", "level": "INFO", "logger": "distributed-task-system", "module": "enhanced_logger", "function": "_log_with_context", "line": 226, "message": "Updated alert threshold queue_size_warning: 50 -> 25", "thread": 13108, "process": 7524}
{"timestamp": "2026-03-05T11:35:08.622397", "level": "INFO", "logger": "distributed-task-system", "module": "enhanced_logger", "function": "_log_with_context", "line": 226, "message": "Updated alert threshold queue_size_critical: 100 -> 100", "thread": 13108, "process": 7524}
{"timestamp": "2026-03-05T11:35:08.625421", "level": "INFO", "logger": "distributed-task-system", "module": "enhanced_logger", "function": "_log_with_context", "line": 226, "message": "Updated alert threshold failure_rate_warning: 0.05 -> 0.03", "thread": 13108, "process": 7524}
{"timestamp": "2026-03-05T11:35:08.628960", "level": "INFO", "logger": "distributed-task-system", "module": "enhanced_logger", "function": "_log_with_context", "line": 226, "message": "Updated alert threshold failure_rate_critical: 0.15 -> 0.15", "thread": 13108, "process": 7524}
{"timestamp": "2026-03-05T11:35:08.631466", "level": "INFO", "logger": "distributed-task-system", "module": "enhanced_logger", "function": "_log_with_context", "line": 226, "message": "Updated alert threshold response_time_warning: 5.0 -> 5.0", "thread": 13108, "process": 7524}
{"timestamp": "2026-03-05T11:35:08.632478", "level": "INFO", "logger": "distributed-task-system", "module": "enhanced_logger", "function": "_log_with_context", "line": 226, "message": "Updated alert threshold response_time_critical: 10.0 -> 10.0", "thread": 13108, "process": 7524}
{"timestamp": "2026-03-05T11:35:12.693003", "level": "INFO", "logger": "distributed-task-system", "module": "enhanced_logger", "function": "_log_with_context", "line": 226, "message": "Performance: cpu_usage=29.0", "thread": 13108, "process": 7524}
{"timestamp": "2026-03-05T11:35:12.694052", "level": "INFO", "logger": "distributed-task-system", "module": "enhanced_logger", "function": "_log_with_context", "line": 226, "message": "Performance: memory_usage=89.9", "thread": 13108, "process": 7524}
{"timestamp": "2026-03-05T11:35:12.695570", "level": "INFO", "logger": "distributed-task-system", "module": "enhanced_logger", "function": "_log_with_context", "line": 226, "message": "Performance: queue_size=0", "thread": 13108, "process": 7524}
{"timestamp": "2026-03-05T11:35:12.697584", "level": "ERROR", "logger": "distributed-task-system", "module": "enhanced_logger", "function": "_log_with_context", "line": 226, "message": "Error collecting system metrics: EnhancedLogger.warning() got multiple values for argument 'message'", "thread": 13108, "process": 7524}
{"timestamp": "2026-03-05T11:35:12.699108", "level": "ERROR", "logger": "distributed-task-system", "module": "enhanced_logger", "function": "_log_with_context", "line": 226, "message": "Error in system monitoring loop: 'MonitoringService' object has no attribute '_check_system_health'", "thread": 13108, "process": 7524}
{"timestamp": "2026-03-05T11:35:12.700635", "level": "WARNING", "logger": "distributed-task-system", "module": "enhanced_logger", "function": "_log_with_context", "line": 226, "message": "System health: critical", "thread": 13108, "process": 7524}
{"timestamp": "2026-03-05T11:35:31.826258", "level": "INFO", "logger": "distributed-task-system", "module": "enhanced_logger", "function": "_log_with_context", "line": 226, "message": "Performance: cpu_usage=26.3", "thread": 13108, "process": 7524}
{"timestamp": "2026-03-05T11:35:31.830218", "level": "INFO", "logger": "distributed-task-system", "module": "enhanced_logger", "function": "_log_with_context", "line": 226, "message": "Performance: memory_usage=85.8", "thread": 13108, "process": 7524}
{"timestamp": "2026-03-05T11:35:31.832348", "level": "INFO", "logger": "distributed-task-system", "module": "enhanced_logger", "function": "_log_with_context", "line": 226, "message": "Performance: queue_size=0", "thread": 13108, "process": 7524}
{"timestamp": "2026-03-05T11:35:31.834340", "level": "ERROR", "logger": "distributed-task-system", "module": "enhanced_logger", "function": "_log_with_context", "line": 226, "message": "Error collecting system metrics: EnhancedLogger.warning() got multiple values for argument 'message'", "thread": 13108, "process": 7524}
{"timestamp": "2026-03-05T11:35:31.838155", "level": "ERROR", "logger": "distributed-task-system", "module": "enhanced_logger", "function": "_log_with_context", "line": 226, "message": "Error in system monitoring loop: 'MonitoringService' object has no attribute '_check_system_health'", "thread": 13108, "process": 7524}
{"timestamp": "2026-03-05T11:35:50.950259", "level": "WARNING", "logger": "distributed-task-system", "module": "enhanced_logger", "function": "_log_with_context", "line": 226, "message": "System health: critical", "thread": 13108, "process": 7524}
{"timestamp": "2026-03-05T11:35:51.000368", "level": "INFO", "logger": "distributed-task-system", "module": "enhanced_logger", "function": "_log_with_context", "line": 226, "message": "Performance: cpu_usage=24.9", "thread": 13108, "process": 7524}
{"timestamp": "2026-03-05T11:35:51.002023", "level": "INFO", "logger": "distributed-task-system", "module": "enhanced_logger", "function": "_log_with_context", "line": 226, "message": "Performance: memory_usage=86.0", "thread": 13108, "process": 7524}
{"timestamp": "2026-03-05T11:35:51.004571", "level": "INFO", "logger": "distributed-task-system", "module": "enhanced_logger", "function": "_log_with_context", "line": 226, "message": "Performance: queue_size=0", "thread": 13108, "process": 7524}
{"timestamp": "2026-03-05T11:35:51.006621", "level": "ERROR", "logger": "distributed-task-system", "module": "enhanced_logger", "function": "_log_with_context", "line": 226, "message": "Error collecting system metrics: EnhancedLogger.warning() got multiple values for argument 'message'", "thread": 13108, "process": 7524}
{"timestamp": "2026-03-05T11:35:51.008237", "level": "ERROR", "logger": "distributed-task-system", "module": "enhanced_logger", "function": "_log_with_context", "line": 226, "message": "Error in system monitoring loop: 'MonitoringService' object has no attribute '_check_system_health'", "thread": 13108, "process": 7524}
